生成启动时间为 2014/1/7 2:33:43。
     1>项目“D:\home\yzt\bishe\psat\psat_c\psat_c.vcxproj”在节点 2 上(build 个目标)。
     1>InitializeBuildStatus:
         正在创建“Debug\psat_c.unsuccessfulbuild”，因为已指定“AlwaysCreate”。
       ClCompile:
         C:\Program Files (x86)\Microsoft Visual Studio 10.0\VC\bin\CL.exe /c /ZI /nologo /W1 /WX- /Od /Oy- /D WIN32 /D _DEBUG /D _CONSOLE /D _UNICODE /D UNICODE /Gm /EHsc /RTC1 /MTd /GS /fp:precise /Zc:wchar_t /Zc:forScope /Fo"Debug\\" /Fd"Debug\vc100.pdb" /Gd /TP /analyze- /errorReport:prompt src\Psat.cpp
         Psat.cpp
     1>d:\home\yzt\bishe\psat\psat_c\src\psat.cpp(2): warning C4005: “pi”: 宏重定义
                 d:\home\yzt\bishe\psat\psat_c\inc\syn.h(11) : 参见“pi”的前一个定义
       Link:
         C:\Program Files (x86)\Microsoft Visual Studio 10.0\VC\bin\link.exe /ERRORREPORT:PROMPT /OUT:"D:\home\yzt\bishe\psat\Debug\psat_c.exe" /INCREMENTAL /NOLOGO /LIBPATH:"C:\Program Files\CULA\R16\lib" cula_core.lib cula_lapack.lib kernel32.lib user32.lib gdi32.lib winspool.lib comdlg32.lib advapi32.lib shell32.lib ole32.lib oleaut32.lib uuid.lib odbc32.lib odbccp32.lib /MANIFEST /ManifestFile:"Debug\psat_c.exe.intermediate.manifest" /MANIFESTUAC:"level='asInvoker' uiAccess='false'" /DEBUG /PDB:"D:\home\yzt\bishe\psat\Debug\psat_c.pdb" /SUBSYSTEM:CONSOLE /TLBID:1 /DYNAMICBASE /NXCOMPAT /IMPLIB:"D:\home\yzt\bishe\psat\Debug\psat_c.lib" /MACHINE:X86 Debug\myLib.obj
         Debug\BoundaryNode.obj
         Debug\Bus.obj
         Debug\Clpsat.obj
         Debug\DAE.obj
         Debug\Fault.obj
         Debug\Line.obj
         Debug\main.obj
         Debug\Mn.obj
         Debug\PQ.obj
         Debug\Psat.obj
         Debug\PV.obj
         Debug\Settings.obj
         Debug\Shunt.obj
         Debug\Solver.obj
         Debug\SW.obj
         Debug\Syn.obj
         Debug\Varout.obj
         psat_c.vcxproj -> D:\home\yzt\bishe\psat\Debug\psat_c.exe
       Manifest:
         C:\Program Files (x86)\Microsoft SDKs\Windows\v7.0A\bin\mt.exe /nologo /verbose /out:"D:\home\yzt\bishe\psat\Debug\psat_c.exe.manifest" /manifest Debug\psat_c.exe.intermediate.manifest
       FinalizeBuildStatus:
         正在删除文件“Debug\psat_c.unsuccessfulbuild”。
         正在对“Debug\psat_c.lastbuildstate”执行 Touch 任务。
     1>已完成生成项目“D:\home\yzt\bishe\psat\psat_c\psat_c.vcxproj”(build 个目标)的操作。

生成成功。

已用时间 00:00:01.32
